 [error]: connect ECONNREFUSED 127.0.0.1:2717  =======> 2022-01-18T20:13:59.346Z
[error]: Requested route does not exits.  =======>  2022-01-18T20:38:27.723Z) --- 2:08:27 am Wed Jan 19 2022
[error]: Requested route does not exit.  =======>  2022-01-20T19:51:44.610Z) --- 1:21:44 am Fri Jan 21 2022
[error]: Requested route does not exit.  =======>  2022-01-20T19:52:22.033Z) --- 1:22:22 am Fri Jan 21 2022
[error]: Cannot destructure property 'name' of '(intermediate value)' as it is undefined.  =======>  2022-01-20T19:53:58.491Z) --- 1:23:58 am Fri Jan 21 2022
[error]: "name" is required  =======>  2022-01-20T19:54:23.069Z) --- 1:24:23 am Fri Jan 21 2022
[error]: "username" is required  =======>  2022-01-20T19:54:54.440Z) --- 1:24:54 am Fri Jan 21 2022
[error]: "email" is required  =======>  2022-01-20T19:55:03.621Z) --- 1:25:03 am Fri Jan 21 2022
[error]: "password" is required  =======>  2022-01-20T19:55:26.461Z) --- 1:25:26 am Fri Jan 21 2022
[error]: "password" length must be at least 6 characters long  =======>  2022-01-20T19:57:08.418Z) --- 1:27:08 am Fri Jan 21 2022
[error]: Cannot read properties of undefined (reading 'findOne')  =======>  2022-01-20T20:22:06.339Z) --- 1:52:06 am Fri Jan 21 2022
[error]: Email already exists. Please use with another  =======>  2022-01-20T20:23:31.130Z) --- 1:53:31 am Fri Jan 21 2022
[error]: Username already taken. Please try another one.  =======>  2022-01-20T20:23:36.336Z) --- 1:53:36 am Fri Jan 21 2022
[error]: connect ECONNREFUSED 127.0.0.1:27017  =======>  2022-01-21T14:52:12.748Z) --- 8:22:12 PM Fri Jan 21 2022
[error]: connect ECONNREFUSED 127.0.0.1:27017  =======>  2022-01-21T14:52:12.756Z) --- 8:22:12 PM Fri Jan 21 2022
[error]: Email already exists. Please use with another  =======>  2022-01-21T15:01:01.554Z) --- 8:31:01 pm Fri Jan 21 2022
[error]: userId.to_string is not a function  =======>  2022-01-21T15:02:41.567Z) --- 8:32:41 pm Fri Jan 21 2022
[error]: Email already exists. Please use with another  =======>  2022-01-21T15:04:01.497Z) --- 8:34:01 pm Fri Jan 21 2022
[error]: Internal Server Error  =======>  2022-01-21T15:04:46.088Z) --- 8:34:46 pm Fri Jan 21 2022
[error]: Internal Server Error  =======>  2022-01-21T15:05:15.111Z) --- 8:35:15 pm Fri Jan 21 2022
[error]: Internal Server Error  =======>  2022-01-21T15:05:46.136Z) --- 8:35:46 pm Fri Jan 21 2022
[error]: User didn't exist. Please use with another one  =======>  2022-01-21T15:26:22.293Z) --- 8:56:22 pm Fri Jan 21 2022
[error]: accessToken is not defined  =======>  2022-01-21T15:28:41.068Z) --- 8:58:41 pm Fri Jan 21 2022
[error]: accessToken is not defined  =======>  2022-01-21T15:29:35.349Z) --- 8:59:35 pm Fri Jan 21 2022
[error]: Email already exists. Please use with another one.  =======>  2022-01-21T15:29:58.712Z) --- 8:59:58 pm Fri Jan 21 2022
[error]: user.isPasswordCorrect is not a function  =======>  2022-01-21T15:30:02.856Z) --- 9:00:02 pm Fri Jan 21 2022
[error]: newUser is not defined  =======>  2022-01-21T15:31:12.201Z) --- 9:01:12 pm Fri Jan 21 2022
[error]: Requested route does not exit.  =======>  2022-01-22T08:09:28.000Z) --- 1:39:28 pm Sat Jan 22 2022
[error]: Requested route does not exit.  =======>  2022-01-22T08:11:18.084Z) --- 1:41:18 pm Sat Jan 22 2022
[error]: Access token couldn't found. Issue a new token, Or log in again  =======>  2022-01-22T08:11:26.287Z) --- 1:41:26 pm Sat Jan 22 2022
[error]: Access token couldn't found. Issue a new token, Or log in again  =======>  2022-01-22T08:12:58.558Z) --- 1:42:58 pm Sat Jan 22 2022
[error]: Access token couldn't found. Issue a new token, Or log in again  =======>  2022-01-22T08:13:17.577Z) --- 1:43:17 pm Sat Jan 22 2022
[error]: Access token couldn't found. Issue a new token, Or log in again  =======>  2022-01-22T08:13:18.801Z) --- 1:43:18 pm Sat Jan 22 2022
[error]: Access token couldn't found. Issue a new token, Or log in again  =======>  2022-01-22T08:13:37.804Z) --- 1:43:37 pm Sat Jan 22 2022
[error]: Access token couldn't found. Issue a new token, Or log in again  =======>  2022-01-22T08:15:39.177Z) --- 1:45:39 pm Sat Jan 22 2022
[error]: Access token couldn't found. Issue a new token, Or log in again  =======>  2022-01-22T08:16:44.879Z) --- 1:46:44 pm Sat Jan 22 2022
[error]: Access token couldn't found. Issue a new token, Or log in again  =======>  2022-01-22T08:16:46.209Z) --- 1:46:46 pm Sat Jan 22 2022
[error]: Access token couldn't found. Issue a new token, Or log in again  =======>  2022-01-22T08:17:02.130Z) --- 1:47:02 pm Sat Jan 22 2022
[error]: req.cookies.toString is not a function  =======>  2022-01-22T08:17:12.984Z) --- 1:47:12 pm Sat Jan 22 2022
[error]: Cannot convert object to primitive value  =======>  2022-01-22T08:17:29.045Z) --- 1:47:29 pm Sat Jan 22 2022
[error]: Access token couldn't found. Issue a new token, Or log in again  =======>  2022-01-22T08:17:40.620Z) --- 1:47:40 pm Sat Jan 22 2022
[error]: Access token couldn't found. Issue a new token, Or log in again  =======>  2022-01-22T08:19:35.525Z) --- 1:49:35 pm Sat Jan 22 2022
[error]: Access token couldn't found. Issue a new token, Or log in again  =======>  2022-01-22T08:47:21.310Z) --- 2:17:21 pm Sat Jan 22 2022
[error]: Access token couldn't found. Issue a new token, Or log in again  =======>  2022-01-22T08:48:15.562Z) --- 2:18:15 pm Sat Jan 22 2022
[error]: Access token couldn't found. Issue a new token, Or log in again  =======>  2022-01-22T08:48:35.093Z) --- 2:18:35 pm Sat Jan 22 2022
[error]: Access token couldn't found. Issue a new token, Or log in again  =======>  2022-01-22T08:49:45.476Z) --- 2:19:45 pm Sat Jan 22 2022
[error]: Access token couldn't found. Issue a new token, Or log in again  =======>  2022-01-22T08:50:00.320Z) --- 2:20:00 pm Sat Jan 22 2022
[error]: Access token couldn't found. Issue a new token, Or log in again  =======>  2022-01-22T08:52:56.284Z) --- 2:22:56 pm Sat Jan 22 2022
[error]: Access token couldn't found. Issue a new token, Or log in again  =======>  2022-01-22T08:53:10.206Z) --- 2:23:10 pm Sat Jan 22 2022
[error]: Access token couldn't found. Issue a new token, Or log in again  =======>  2022-01-22T08:55:51.116Z) --- 2:25:51 pm Sat Jan 22 2022
[error]: Access token couldn't found. Issue a new token, Or log in again  =======>  2022-01-22T08:56:21.499Z) --- 2:26:21 pm Sat Jan 22 2022
[error]: Access token couldn't found. Issue a new token, Or log in again  =======>  2022-01-22T08:56:36.469Z) --- 2:26:36 pm Sat Jan 22 2022
[error]: Access token couldn't found. Issue a new token, Or log in again  =======>  2022-01-22T08:56:37.908Z) --- 2:26:37 pm Sat Jan 22 2022
[error]: Access token couldn't found. Issue a new token, Or log in again  =======>  2022-01-22T08:56:38.490Z) --- 2:26:38 pm Sat Jan 22 2022
[error]: Access token couldn't found. Issue a new token, Or log in again  =======>  2022-01-22T08:56:38.765Z) --- 2:26:38 pm Sat Jan 22 2022
[error]: Access token couldn't found. Issue a new token, Or log in again  =======>  2022-01-22T08:56:38.965Z) --- 2:26:38 pm Sat Jan 22 2022
[error]: Access token couldn't found. Issue a new token, Or log in again  =======>  2022-01-22T08:56:39.146Z) --- 2:26:39 pm Sat Jan 22 2022
[error]: Access token couldn't found. Issue a new token, Or log in again  =======>  2022-01-22T08:56:39.321Z) --- 2:26:39 pm Sat Jan 22 2022
[error]: Access token couldn't found. Issue a new token, Or log in again  =======>  2022-01-22T08:56:39.466Z) --- 2:26:39 pm Sat Jan 22 2022
[error]: Access token couldn't found. Issue a new token, Or log in again  =======>  2022-01-22T08:56:39.632Z) --- 2:26:39 pm Sat Jan 22 2022
[error]: Access token couldn't found. Issue a new token, Or log in again  =======>  2022-01-22T08:56:39.808Z) --- 2:26:39 pm Sat Jan 22 2022
[error]: Access token couldn't found. Issue a new token, Or log in again  =======>  2022-01-22T08:56:40.011Z) --- 2:26:40 pm Sat Jan 22 2022
[error]: Access token couldn't found. Issue a new token, Or log in again  =======>  2022-01-22T08:56:40.044Z) --- 2:26:40 pm Sat Jan 22 2022
[error]: Access token couldn't found. Issue a new token, Or log in again  =======>  2022-01-22T08:56:40.391Z) --- 2:26:40 pm Sat Jan 22 2022
[error]: Access token couldn't found. Issue a new token, Or log in again  =======>  2022-01-22T08:56:40.413Z) --- 2:26:40 pm Sat Jan 22 2022
[error]: Access token couldn't found. Issue a new token, Or log in again  =======>  2022-01-22T08:56:40.575Z) --- 2:26:40 pm Sat Jan 22 2022
[error]: Access token couldn't found. Issue a new token, Or log in again  =======>  2022-01-22T08:56:40.845Z) --- 2:26:40 pm Sat Jan 22 2022
[error]: Access token couldn't found. Issue a new token, Or log in again  =======>  2022-01-22T08:56:40.985Z) --- 2:26:40 pm Sat Jan 22 2022
[error]: Access token couldn't found. Issue a new token, Or log in again  =======>  2022-01-22T08:56:41.002Z) --- 2:26:41 pm Sat Jan 22 2022
[error]: Access token couldn't found. Issue a new token, Or log in again  =======>  2022-01-22T08:56:41.162Z) --- 2:26:41 pm Sat Jan 22 2022
[error]: Access token couldn't found. Issue a new token, Or log in again  =======>  2022-01-22T08:56:41.307Z) --- 2:26:41 pm Sat Jan 22 2022
[error]: Access token couldn't found. Issue a new token, Or log in again  =======>  2022-01-22T08:56:41.461Z) --- 2:26:41 pm Sat Jan 22 2022
[error]: Access token couldn't found. Issue a new token, Or log in again  =======>  2022-01-22T08:56:41.604Z) --- 2:26:41 pm Sat Jan 22 2022
[error]: Access token couldn't found. Issue a new token, Or log in again  =======>  2022-01-22T08:56:41.880Z) --- 2:26:41 pm Sat Jan 22 2022
[error]: Access token couldn't found. Issue a new token, Or log in again  =======>  2022-01-22T08:56:42.047Z) --- 2:26:42 pm Sat Jan 22 2022
[error]: Access token couldn't found. Issue a new token, Or log in again  =======>  2022-01-22T08:56:42.222Z) --- 2:26:42 pm Sat Jan 22 2022
[error]: Access token couldn't found. Issue a new token, Or log in again  =======>  2022-01-22T08:56:42.378Z) --- 2:26:42 pm Sat Jan 22 2022
[error]: Access token couldn't found. Issue a new token, Or log in again  =======>  2022-01-22T08:56:42.541Z) --- 2:26:42 pm Sat Jan 22 2022
[error]: Access token couldn't found. Issue a new token, Or log in again  =======>  2022-01-22T08:56:42.683Z) --- 2:26:42 pm Sat Jan 22 2022
[error]: Access token couldn't found. Issue a new token, Or log in again  =======>  2022-01-22T08:56:42.824Z) --- 2:26:42 pm Sat Jan 22 2022
[error]: Access token couldn't found. Issue a new token, Or log in again  =======>  2022-01-22T08:56:42.970Z) --- 2:26:42 pm Sat Jan 22 2022
[error]: Access token couldn't found. Issue a new token, Or log in again  =======>  2022-01-22T08:56:43.112Z) --- 2:26:43 pm Sat Jan 22 2022
[error]: Access token couldn't found. Issue a new token, Or log in again  =======>  2022-01-22T08:56:43.264Z) --- 2:26:43 pm Sat Jan 22 2022
[error]: Access token couldn't found. Issue a new token, Or log in again  =======>  2022-01-22T08:56:43.416Z) --- 2:26:43 pm Sat Jan 22 2022
[error]: Access token couldn't found. Issue a new token, Or log in again  =======>  2022-01-22T08:56:43.742Z) --- 2:26:43 pm Sat Jan 22 2022
[error]: Access token couldn't found. Issue a new token, Or log in again  =======>  2022-01-22T08:56:43.928Z) --- 2:26:43 pm Sat Jan 22 2022
[error]: Access token couldn't found. Issue a new token, Or log in again  =======>  2022-01-22T08:56:44.092Z) --- 2:26:44 pm Sat Jan 22 2022
[error]: Access token couldn't found. Issue a new token, Or log in again  =======>  2022-01-22T08:56:44.282Z) --- 2:26:44 pm Sat Jan 22 2022
[error]: Access token couldn't found. Issue a new token, Or log in again  =======>  2022-01-22T08:56:44.455Z) --- 2:26:44 pm Sat Jan 22 2022
[error]: Access token couldn't found. Issue a new token, Or log in again  =======>  2022-01-22T08:56:44.596Z) --- 2:26:44 pm Sat Jan 22 2022
[error]: Access token couldn't found. Issue a new token, Or log in again  =======>  2022-01-22T08:56:44.811Z) --- 2:26:44 pm Sat Jan 22 2022
[error]: Access token couldn't found. Issue a new token, Or log in again  =======>  2022-01-22T09:03:31.950Z) --- 2:33:31 pm Sat Jan 22 2022
[error]: jwt expired  =======>  2022-01-22T09:05:20.746Z) --- 2:35:20 pm Sat Jan 22 2022
[error]: Internal Server Error  =======>  2022-01-22T09:06:48.990Z) --- 2:36:48 pm Sat Jan 22 2022
[error]: Internal Server Error  =======>  2022-01-22T09:07:30.565Z) --- 2:37:30 pm Sat Jan 22 2022
[error]: Internal Server Error  =======>  2022-01-22T09:07:46.270Z) --- 2:37:46 pm Sat Jan 22 2022
[error]: Internal Server Error  =======>  2022-01-22T09:08:11.095Z) --- 2:38:11 pm Sat Jan 22 2022
[error]: Internal Server Error  =======>  2022-01-22T09:08:45.139Z) --- 2:38:45 pm Sat Jan 22 2022
[error]: jwt expired  =======>  2022-01-22T09:10:12.009Z) --- 2:40:12 pm Sat Jan 22 2022
[error]: Internal Server Error  =======>  2022-01-22T09:11:48.656Z) --- 2:41:48 pm Sat Jan 22 2022
[error]: jwt expired  =======>  2022-01-22T09:12:25.294Z) --- 2:42:25 pm Sat Jan 22 2022
[error]: jwt expired  =======>  2022-01-22T09:12:55.106Z) --- 2:42:55 pm Sat Jan 22 2022
[error]: jwt expired  =======>  2022-01-22T09:13:42.094Z) --- 2:43:42 pm Sat Jan 22 2022
[error]: Access token has expired. Issue a new token, Or log in again  =======>  2022-01-22T09:15:34.717Z) --- 2:45:34 pm Sat Jan 22 2022
[error]: Bad Request  =======>  2022-01-22T09:17:39.762Z) --- 2:47:39 pm Sat Jan 22 2022
[error]: Refresh token not provided  =======>  2022-01-22T09:18:10.174Z) --- 2:48:10 pm Sat Jan 22 2022
[error]: Requested route does not exit.  =======>  2022-01-22T09:22:42.171Z) --- 2:52:42 pm Sat Jan 22 2022
[error]: Internal Server Error  =======>  2022-01-22T09:23:18.850Z) --- 2:53:18 pm Sat Jan 22 2022
[error]: Access token has expired. Issue a new token, Or log in again  =======>  2022-01-22T09:24:57.554Z) --- 2:54:57 pm Sat Jan 22 2022
[error]: Refresh token not provided  =======>  2022-01-22T09:27:52.577Z) --- 2:57:52 pm Sat Jan 22 2022
[error]: Access token has expired. Issue a new token, Or log in again  =======>  2022-01-22T09:28:01.400Z) --- 2:58:01 pm Sat Jan 22 2022
[error]: Requested route does not exit.  =======>  2022-01-22T09:36:43.695Z) --- 3:06:43 pm Sat Jan 22 2022
[error]: Requested route does not exit.  =======>  2022-01-22T09:39:29.420Z) --- 3:09:29 pm Sat Jan 22 2022
[error]: Access token has expired. Issue a new token, Or log in again  =======>  2022-01-22T09:39:39.091Z) --- 3:09:39 pm Sat Jan 22 2022
[error]: Requested route does not exit.  =======>  2022-01-22T14:45:05.771Z) --- 8:15:05 pm Sat Jan 22 2022
[error]: Requested route does not exit.  =======>  2022-01-22T14:45:06.306Z) --- 8:15:06 pm Sat Jan 22 2022
[error]: Requested route does not exit.  =======>  2022-01-22T14:47:25.263Z) --- 8:17:25 pm Sat Jan 22 2022
[error]: Requested route does not exit.  =======>  2022-01-22T14:48:24.255Z) --- 8:18:24 pm Sat Jan 22 2022
[error]: Requested route does not exit.  =======>  2022-01-22T14:48:26.642Z) --- 8:18:26 pm Sat Jan 22 2022
[error]: Requested route does not exit.  =======>  2022-01-22T14:48:27.414Z) --- 8:18:27 pm Sat Jan 22 2022
[error]: Requested route does not exit.  =======>  2022-01-22T19:50:47.589Z) --- 1:20:47 am Sun Jan 23 2022
[error]: Requested route does not exit.  =======>  2022-01-22T19:50:49.165Z) --- 1:20:49 am Sun Jan 23 2022
[error]: Requested route does not exit.  =======>  2022-01-22T19:50:50.286Z) --- 1:20:50 am Sun Jan 23 2022
[error]: Requested route does not exit.  =======>  2022-01-22T19:50:52.053Z) --- 1:20:52 am Sun Jan 23 2022
[error]: Access token has expired. Issue a new token, Or log in again  =======>  2022-01-23T15:03:44.980Z) --- 8:33:44 pm Sun Jan 23 2022
[error]: Access token has expired. Issue a new token, Or log in again  =======>  2022-01-23T15:04:59.228Z) --- 8:34:59 pm Sun Jan 23 2022
[error]: Access token has expired. Issue a new token, Or log in again  =======>  2022-01-23T15:07:12.898Z) --- 8:37:12 pm Sun Jan 23 2022
[error]: Access token has expired. Issue a new token, Or log in again  =======>  2022-01-23T15:10:00.394Z) --- 8:40:00 pm Sun Jan 23 2022
[error]: Access token has expired. Issue a new token, Or log in again  =======>  2022-01-23T15:10:14.268Z) --- 8:40:14 pm Sun Jan 23 2022
[error]: Access token has expired. Issue a new token, Or log in again  =======>  2022-01-23T15:14:43.474Z) --- 8:44:43 pm Sun Jan 23 2022
[error]: Access token has expired. Issue a new token, Or log in again  =======>  2022-01-23T15:15:25.885Z) --- 8:45:25 pm Sun Jan 23 2022
[error]: Requested route does not exit.  =======>  2022-01-23T15:29:26.065Z) --- 8:59:26 pm Sun Jan 23 2022
[error]: User validation failed: password: Path `password` is required., email: Path `email` is required., username: Path `username` is required., name: Path `name` is required.  =======>  2022-01-23T15:33:39.764Z) --- 9:03:39 pm Sun Jan 23 2022
[error]: updatedUser is not defined  =======>  2022-01-23T15:36:12.454Z) --- 9:06:12 pm Sun Jan 23 2022
[error]: registerSchema is not defined  =======>  2022-01-23T15:37:32.831Z) --- 9:07:32 pm Sun Jan 23 2022
[error]: "password" length must be at least 6 characters long  =======>  2022-01-23T15:37:48.608Z) --- 9:07:48 pm Sun Jan 23 2022
[error]: Access token has expired. Issue a new token, Or log in again  =======>  2022-01-29T15:54:36.037Z) --- 9:24:36 pm Sat Jan 29 2022
[error]: Requested route does not exit. --- 3:20:43 PM Mon Jan 31 2022
[error]: Access token has expired. Issue a new token, Or log in again --- 12:10:32 am Mon Feb 07 2022
[error]: Internal Server Error --- 12:11:14 am Mon Feb 07 2022
[error]: Access token has expired. Issue a new token, Or log in again --- 12:11:38 am Mon Feb 07 2022
[error]: Access token has expired. Issue a new token, Or log in again --- 12:11:42 am Mon Feb 07 2022
[error]: Access token has expired. Issue a new token, Or log in again --- 12:11:49 am Mon Feb 07 2022
[error]: Requested route does not exit. --- 12:11:50 am Mon Feb 07 2022
[error]: Unexpected token } in JSON at position 109 --- 12:17:54 am Mon Feb 07 2022
[error]: Access token has expired. Issue a new token, Or log in again --- 12:17:58 am Mon Feb 07 2022
[error]: "model_type" must be one of [disease, weed] --- 12:18:12 am Mon Feb 07 2022
[error]: "hasWeed" must be a boolean --- 12:31:00 am Mon Feb 07 2022
[error]: "resultImg" is required --- 12:31:31 am Mon Feb 07 2022
[error]: label is not defined --- 12:31:47 am Mon Feb 07 2022
[error]: label is not defined --- 12:32:27 am Mon Feb 07 2022
[error]: label is not defined --- 12:32:52 am Mon Feb 07 2022
[error]: isUnhealthy is not defined --- 12:33:11 am Mon Feb 07 2022
[error]: result.save is not a function --- 12:33:36 am Mon Feb 07 2022
[error]: Access token has expired. Issue a new token, Or log in again --- 12:35:24 am Mon Feb 07 2022
[error]: "model_type" must be one of [disease, weed] --- 12:38:58 am Mon Feb 07 2022
[error]: Access token has expired. Issue a new token, Or log in again --- 12:46:13 am Mon Feb 07 2022
[error]: createdAt is not defined --- 12:46:26 am Mon Feb 07 2022
[error]: Access token has expired. Issue a new token, Or log in again --- 11:58:43 pm Mon Feb 07 2022
[error]: Access token has expired. Issue a new token, Or log in again --- 12:49:47 am Tue Feb 08 2022
[error]: Access token has expired. Issue a new token, Or log in again --- 12:49:58 am Tue Feb 08 2022
[error]: "language" must be one of [en, mr, hi] --- 12:51:46 am Tue Feb 08 2022
[error]: "title" length must be at least 10 characters long --- 12:52:50 am Tue Feb 08 2022
[error]: "body" length must be at least 200 characters long --- 12:54:06 am Tue Feb 08 2022
[error]: "language" must be one of [en, mr, hi] --- 12:58:58 am Tue Feb 08 2022
[error]: E11000 duplicate key error collection: farmico.blogs index: likes.user_1 dup key: { likes.user: null } --- 12:59:05 am Tue Feb 08 2022
[error]: E11000 duplicate key error collection: farmico.blogs index: likes.user_1 dup key: { likes.user: null } --- 1:00:46 am Tue Feb 08 2022
[error]: E11000 duplicate key error collection: farmico.blogs index: likes.user_1 dup key: { likes.user: null } --- 1:01:32 am Tue Feb 08 2022
[error]: E11000 duplicate key error collection: farmico.blogs index: likes.user_1 dup key: { likes.user: null } --- 1:02:16 am Tue Feb 08 2022
[error]: E11000 duplicate key error collection: farmico.blogs index: likes.user_1 dup key: { likes.user: null } --- 1:02:42 am Tue Feb 08 2022
[error]: "body" length must be at least 200 characters long --- 1:31:10 am Tue Feb 08 2022
[error]: "title" is not allowed to be empty --- 1:32:27 am Tue Feb 08 2022
[error]: FieldPath cannot be constructed with empty string --- 1:33:44 am Tue Feb 08 2022
[error]: FieldPath cannot be constructed with empty string --- 1:33:56 am Tue Feb 08 2022
[error]: FieldPath cannot be constructed with empty string --- 1:35:49 am Tue Feb 08 2022
[error]: "title" length must be less than or equal to 150 characters long --- 1:43:23 am Tue Feb 08 2022
[error]: Access token has expired. Issue a new token, Or log in again --- 1:45:43 am Tue Feb 08 2022
[error]: Access token has expired. Issue a new token, Or log in again --- 1:52:35 am Tue Feb 08 2022
[error]: "body" length must be at least 35 characters long --- 1:56:55 am Tue Feb 08 2022
[error]: Cannot read properties of undefined (reading 'push') --- 1:57:28 am Tue Feb 08 2022
[error]: Cannot read properties of undefined (reading 'length') --- 2:08:46 am Tue Feb 08 2022
[error]: Cannot read properties of undefined (reading 'length') --- 2:09:31 am Tue Feb 08 2022
[error]: blogs.toJson is not a function --- 2:13:01 am Tue Feb 08 2022
[error]: blogs.toJSON is not a function --- 2:13:13 am Tue Feb 08 2022
[error]: Cannot read properties of undefined (reading 'length') --- 2:14:46 am Tue Feb 08 2022
[error]: Cannot read properties of undefined (reading 'length') --- 2:14:55 am Tue Feb 08 2022
[error]: Cannot read properties of undefined (reading 'length') --- 2:14:56 am Tue Feb 08 2022
[error]: Cannot read properties of undefined (reading 'length') --- 2:15:41 am Tue Feb 08 2022
[error]: Cannot read properties of undefined (reading 'length') --- 2:16:31 am Tue Feb 08 2022
[error]: Cannot read properties of undefined (reading 'length') --- 2:16:40 am Tue Feb 08 2022
[error]: Access token has expired. Issue a new token, Or log in again --- 12:40:03 am Wed Feb 09 2022
[error]: Cannot read properties of undefined (reading 'length') --- 12:40:39 am Wed Feb 09 2022
[error]: Cannot read properties of undefined (reading 'length') --- 12:41:35 am Wed Feb 09 2022
[error]: Cannot read properties of undefined (reading 'length') --- 12:42:27 am Wed Feb 09 2022
[error]: Cannot read properties of undefined (reading 'length') --- 12:42:49 am Wed Feb 09 2022
[error]: Cannot read properties of undefined (reading 'length') --- 12:45:07 am Wed Feb 09 2022
[error]: Internal Server Error --- 12:51:33 am Wed Feb 09 2022
[error]: "body" length must be at least 200 characters long --- 1:03:29 am Wed Feb 09 2022
[error]: You don't have enough privilege to proceed this request. --- 1:06:03 am Wed Feb 09 2022
[error]: You don't have enough privilege to proceed this request. --- 1:06:21 am Wed Feb 09 2022
[error]: You don't have enough privilege to proceed this request. --- 1:06:28 am Wed Feb 09 2022
[error]: You don't have enough privilege to proceed this request. --- 1:06:55 am Wed Feb 09 2022
[error]: "$search" had the wrong type. Expected string, found null --- 1:16:19 am Wed Feb 09 2022
[error]: text index required for $text query --- 1:16:41 am Wed Feb 09 2022
[error]: text index required for $text query --- 1:16:59 am Wed Feb 09 2022
[error]: text index required for $text query --- 1:17:00 am Wed Feb 09 2022
[error]: text index required for $text query --- 1:21:50 am Wed Feb 09 2022
[error]: text index required for $text query --- 1:22:05 am Wed Feb 09 2022
[error]: text index required for $text query --- 1:22:18 am Wed Feb 09 2022
[error]: text index required for $text query --- 1:26:17 am Wed Feb 09 2022
[error]: text index required for $text query --- 1:26:41 am Wed Feb 09 2022
[error]: text index required for $text query (no such collection 'farmico.blogs') --- 1:33:12 am Wed Feb 09 2022
[error]: language override unsupported: hi --- 1:34:55 am Wed Feb 09 2022
[error]: "language" must be one of [en, mr, hi] --- 1:35:00 am Wed Feb 09 2022
[error]: language override unsupported: hi --- 1:35:06 am Wed Feb 09 2022
[error]: language override unsupported: mr --- 1:35:33 am Wed Feb 09 2022
[error]: "body" length must be at least 200 characters long --- 1:37:07 am Wed Feb 09 2022
[error]: language override unsupported: hi --- 1:37:15 am Wed Feb 09 2022
[error]: language override unsupported: hi --- 1:38:21 am Wed Feb 09 2022
[error]: language override unsupported: hi --- 1:38:39 am Wed Feb 09 2022
[error]: language override unsupported: mr --- 1:38:59 am Wed Feb 09 2022
[error]: language override unsupported: mr --- 1:39:01 am Wed Feb 09 2022
[error]: language override unsupported: mr --- 1:39:02 am Wed Feb 09 2022
[error]: "body" length must be at least 200 characters long --- 1:43:40 am Wed Feb 09 2022
[error]: language override unsupported: hi --- 1:43:47 am Wed Feb 09 2022
[error]: language override unsupported: hi --- 1:43:55 am Wed Feb 09 2022
[error]: language override unsupported: hi --- 1:44:06 am Wed Feb 09 2022
[error]: language override unsupported: hi --- 1:44:16 am Wed Feb 09 2022
[error]: language override unsupported: hi --- 1:44:27 am Wed Feb 09 2022
[error]: language override unsupported: hi --- 1:44:28 am Wed Feb 09 2022
[error]: language override unsupported: hi --- 1:45:00 am Wed Feb 09 2022
[error]: language override unsupported: hi --- 1:45:12 am Wed Feb 09 2022
[error]: "$search" had the wrong type. Expected string, found null --- 1:47:03 am Wed Feb 09 2022
[error]: text index required for $text query --- 1:47:14 am Wed Feb 09 2022
[error]: text index required for $text query --- 1:48:54 am Wed Feb 09 2022
[error]: text index required for $text query --- 1:48:54 am Wed Feb 09 2022
[error]: text index required for $text query --- 1:48:55 am Wed Feb 09 2022
[error]: text index required for $text query --- 1:49:36 am Wed Feb 09 2022
[error]: language override unsupported: hi --- 1:50:14 am Wed Feb 09 2022
[error]: language override unsupported: hi --- 1:50:30 am Wed Feb 09 2022
[error]: language override unsupported: hi --- 1:50:54 am Wed Feb 09 2022
[error]: language override unsupported: hi --- 1:50:56 am Wed Feb 09 2022
[error]: language override unsupported: hi --- 1:51:06 am Wed Feb 09 2022
[error]: "language" is required --- 1:52:14 am Wed Feb 09 2022
[error]: Blog validation failed: locale: Path `locale` is required. --- 1:52:36 am Wed Feb 09 2022
[error]: "$search" had the wrong type. Expected string, found null --- 1:56:14 am Wed Feb 09 2022
[error]: Cannot populate path `user` because it is not in your schema. Set the `strictPopulate` option to false to override. --- 1:58:29 am Wed Feb 09 2022
[error]: Requested route does not exit. --- 1:59:22 am Wed Feb 09 2022
[error]: Requested route does not exit. --- 5:31:52 pm Sat Feb 26 2022
[error]: Requested route does not exit. --- 5:32:04 pm Sat Feb 26 2022
[error]: Requested route does not exit. --- 5:32:56 pm Sat Feb 26 2022
[error]: Access token has expired. Issue a new token, Or log in again --- 8:30:45 pm Sat Feb 26 2022
[error]: Access token has expired. Issue a new token, Or log in again --- 9:32:05 pm Sat Feb 26 2022
[error]: Access token has expired. Issue a new token, Or log in again --- 9:33:10 pm Sat Feb 26 2022
[error]: Requested route does not exit. --- 9:33:11 pm Sat Feb 26 2022
[error]: Access token has expired. Issue a new token, Or log in again --- 9:34:40 pm Sat Feb 26 2022
[error]: Access token has expired. Issue a new token, Or log in again --- 9:39:45 pm Sat Feb 26 2022
[error]: Access token has expired. Issue a new token, Or log in again --- 9:39:56 pm Sat Feb 26 2022
[error]: Access token has expired. Issue a new token, Or log in again --- 9:44:15 pm Sat Feb 26 2022
[error]: Access token has expired. Issue a new token, Or log in again --- 9:44:23 pm Sat Feb 26 2022
[error]: Access token has expired. Issue a new token, Or log in again --- 9:44:41 pm Sat Feb 26 2022
[error]: Access token has expired. Issue a new token, Or log in again --- 1:24:57 pm Sun Feb 27 2022
[error]: Access token has expired. Issue a new token, Or log in again --- 1:27:11 pm Sun Feb 27 2022
[error]: Access token has expired. Issue a new token, Or log in again --- 1:29:47 pm Sun Feb 27 2022
[error]: Access token has expired. Issue a new token, Or log in again --- 1:29:48 pm Sun Feb 27 2022
[error]: Access token has expired. Issue a new token, Or log in again --- 1:29:51 pm Sun Feb 27 2022
[error]: Access token has expired. Issue a new token, Or log in again --- 1:29:52 pm Sun Feb 27 2022
[error]: Access token has expired. Issue a new token, Or log in again --- 1:29:55 pm Sun Feb 27 2022
[error]: Access token has expired. Issue a new token, Or log in again --- 1:29:58 pm Sun Feb 27 2022
[error]: Access token has expired. Issue a new token, Or log in again --- 1:29:58 pm Sun Feb 27 2022
[error]: Access token has expired. Issue a new token, Or log in again --- 1:31:14 pm Sun Feb 27 2022
[error]: Access token has expired. Issue a new token, Or log in again --- 2:12:31 pm Sun Feb 27 2022
[error]: Access token has expired. Issue a new token, Or log in again --- 2:12:32 pm Sun Feb 27 2022
[error]: Access token has expired. Issue a new token, Or log in again --- 2:12:36 pm Sun Feb 27 2022
[error]: Access token has expired. Issue a new token, Or log in again --- 2:12:36 pm Sun Feb 27 2022
[error]: Access token has expired. Issue a new token, Or log in again --- 2:44:39 pm Sun Feb 27 2022
[error]: Access token has expired. Issue a new token, Or log in again --- 2:44:41 pm Sun Feb 27 2022
[error]: Access token has expired. Issue a new token, Or log in again --- 2:44:44 pm Sun Feb 27 2022
[error]: Access token has expired. Issue a new token, Or log in again --- 2:44:44 pm Sun Feb 27 2022
[error]: Access token has expired. Issue a new token, Or log in again --- 2:58:08 pm Sun Feb 27 2022
[error]: Access token has expired. Issue a new token, Or log in again --- 3:04:20 pm Sun Feb 27 2022
[error]: Access token has expired. Issue a new token, Or log in again --- 7:36:49 pm Sun Feb 27 2022
[error]: Access token has expired. Issue a new token, Or log in again --- 7:37:07 pm Sun Feb 27 2022
[error]: Access token has expired. Issue a new token, Or log in again --- 7:37:09 pm Sun Feb 27 2022
[error]: Access token has expired. Issue a new token, Or log in again --- 8:08:11 pm Sun Feb 27 2022
[error]: Access token has expired. Issue a new token, Or log in again --- 8:36:44 pm Sun Feb 27 2022
[error]: Access token has expired. Issue a new token, Or log in again --- 8:40:05 pm Sun Feb 27 2022
[error]: Access token has expired. Issue a new token, Or log in again --- 8:41:28 pm Sun Feb 27 2022
[error]: Access token has expired. Issue a new token, Or log in again --- 8:41:30 pm Sun Feb 27 2022
[error]: Access token has expired. Issue a new token, Or log in again --- 8:41:55 pm Sun Feb 27 2022
[error]: Access token has expired. Issue a new token, Or log in again --- 8:41:58 pm Sun Feb 27 2022
[error]: Access token has expired. Issue a new token, Or log in again --- 8:42:15 pm Sun Feb 27 2022
[error]: Access token has expired. Issue a new token, Or log in again --- 8:42:17 pm Sun Feb 27 2022
[error]: Access token has expired. Issue a new token, Or log in again --- 8:42:45 pm Sun Feb 27 2022
[error]: Access token has expired. Issue a new token, Or log in again --- 8:43:06 pm Sun Feb 27 2022
[error]: Access token has expired. Issue a new token, Or log in again --- 8:43:16 pm Sun Feb 27 2022
[error]: Access token has expired. Issue a new token, Or log in again --- 8:43:55 pm Sun Feb 27 2022
[error]: Access token has expired. Issue a new token, Or log in again --- 8:43:58 pm Sun Feb 27 2022
[error]: Access token has expired. Issue a new token, Or log in again --- 8:44:06 pm Sun Feb 27 2022
[error]: Access token has expired. Issue a new token, Or log in again --- 8:44:32 pm Sun Feb 27 2022
[error]: Access token has expired. Issue a new token, Or log in again --- 8:44:52 pm Sun Feb 27 2022
[error]: Access token has expired. Issue a new token, Or log in again --- 8:45:46 pm Sun Feb 27 2022
[error]: Access token has expired. Issue a new token, Or log in again --- 8:45:48 pm Sun Feb 27 2022
[error]: Access token has expired. Issue a new token, Or log in again --- 8:46:41 pm Sun Feb 27 2022
[error]: Access token has expired. Issue a new token, Or log in again --- 8:46:56 pm Sun Feb 27 2022
[error]: Access token has expired. Issue a new token, Or log in again --- 8:47:18 pm Sun Feb 27 2022
[error]: Access token has expired. Issue a new token, Or log in again --- 8:48:33 pm Sun Feb 27 2022
[error]: Access token has expired. Issue a new token, Or log in again --- 8:50:17 pm Sun Feb 27 2022
[error]: Access token has expired. Issue a new token, Or log in again --- 8:50:21 pm Sun Feb 27 2022
[error]: Access token has expired. Issue a new token, Or log in again --- 8:50:47 pm Sun Feb 27 2022
[error]: Access token has expired. Issue a new token, Or log in again --- 8:52:24 pm Sun Feb 27 2022
[error]: Access token has expired. Issue a new token, Or log in again --- 8:53:53 pm Sun Feb 27 2022
[error]: Access token has expired. Issue a new token, Or log in again --- 8:55:07 pm Sun Feb 27 2022
[error]: Access token has expired. Issue a new token, Or log in again --- 8:55:15 pm Sun Feb 27 2022
[error]: Requested route does not exit. --- 8:55:16 pm Sun Feb 27 2022
[error]: Refresh token not provided --- 8:55:40 pm Sun Feb 27 2022
[error]: Access token has expired. Issue a new token, Or log in again --- 8:55:40 pm Sun Feb 27 2022
[error]: Refresh token not provided --- 8:55:47 pm Sun Feb 27 2022
[error]: Access token has expired. Issue a new token, Or log in again --- 8:55:47 pm Sun Feb 27 2022
[error]: Refresh token not provided --- 8:56:03 pm Sun Feb 27 2022
[error]: Access token has expired. Issue a new token, Or log in again --- 8:56:03 pm Sun Feb 27 2022
[error]: Refresh token not provided --- 8:57:21 pm Sun Feb 27 2022
[error]: Access token has expired. Issue a new token, Or log in again --- 8:57:21 pm Sun Feb 27 2022
[error]: Refresh token not provided --- 8:57:58 pm Sun Feb 27 2022
[error]: Access token has expired. Issue a new token, Or log in again --- 8:57:58 pm Sun Feb 27 2022
[error]: Refresh token not provided --- 8:58:17 pm Sun Feb 27 2022
[error]: Access token has expired. Issue a new token, Or log in again --- 8:58:17 pm Sun Feb 27 2022
[error]: Refresh token not provided --- 8:58:33 pm Sun Feb 27 2022
[error]: Access token has expired. Issue a new token, Or log in again --- 8:58:33 pm Sun Feb 27 2022
[error]: Refresh token not provided --- 9:00:00 pm Sun Feb 27 2022
[error]: Access token has expired. Issue a new token, Or log in again --- 9:00:00 pm Sun Feb 27 2022
[error]: Refresh token not provided --- 9:00:03 pm Sun Feb 27 2022
[error]: Access token has expired. Issue a new token, Or log in again --- 9:00:03 pm Sun Feb 27 2022
[error]: Refresh token not provided --- 9:00:18 pm Sun Feb 27 2022
[error]: Access token has expired. Issue a new token, Or log in again --- 9:00:18 pm Sun Feb 27 2022
[error]: Refresh token not provided --- 9:00:20 pm Sun Feb 27 2022
[error]: Access token has expired. Issue a new token, Or log in again --- 9:00:20 pm Sun Feb 27 2022
[error]: Refresh token not provided --- 9:00:36 pm Sun Feb 27 2022
[error]: Access token has expired. Issue a new token, Or log in again --- 9:00:36 pm Sun Feb 27 2022
[error]: Refresh token not provided --- 9:00:38 pm Sun Feb 27 2022
[error]: Access token has expired. Issue a new token, Or log in again --- 9:00:38 pm Sun Feb 27 2022
[error]: Refresh token not provided --- 9:01:07 pm Sun Feb 27 2022
[error]: Access token has expired. Issue a new token, Or log in again --- 9:01:07 pm Sun Feb 27 2022
[error]: Refresh token not provided --- 9:02:04 pm Sun Feb 27 2022
[error]: Access token has expired. Issue a new token, Or log in again --- 9:02:04 pm Sun Feb 27 2022
[error]: Refresh token not provided --- 9:02:05 pm Sun Feb 27 2022
[error]: Access token has expired. Issue a new token, Or log in again --- 9:02:05 pm Sun Feb 27 2022
[error]: Refresh token not provided --- 9:02:09 pm Sun Feb 27 2022
[error]: Access token has expired. Issue a new token, Or log in again --- 9:02:09 pm Sun Feb 27 2022
[error]: Refresh token not provided --- 9:02:34 pm Sun Feb 27 2022
[error]: Access token has expired. Issue a new token, Or log in again --- 9:02:34 pm Sun Feb 27 2022
[error]: Refresh token not provided --- 9:02:57 pm Sun Feb 27 2022
[error]: Access token has expired. Issue a new token, Or log in again --- 9:02:57 pm Sun Feb 27 2022
[error]: Refresh token not provided --- 9:03:19 pm Sun Feb 27 2022
[error]: Access token has expired. Issue a new token, Or log in again --- 9:03:19 pm Sun Feb 27 2022
[error]: Refresh token not provided --- 9:17:40 pm Sun Feb 27 2022
[error]: Access token has expired. Issue a new token, Or log in again --- 9:17:40 pm Sun Feb 27 2022
[error]: Refresh token not provided --- 9:17:41 pm Sun Feb 27 2022
[error]: Access token has expired. Issue a new token, Or log in again --- 9:17:41 pm Sun Feb 27 2022
[error]: Refresh token not provided --- 9:17:58 pm Sun Feb 27 2022
[error]: Access token has expired. Issue a new token, Or log in again --- 9:17:58 pm Sun Feb 27 2022
[error]: Refresh token not provided --- 9:17:58 pm Sun Feb 27 2022
[error]: Access token has expired. Issue a new token, Or log in again --- 9:17:58 pm Sun Feb 27 2022
[error]: Refresh token not provided --- 9:18:04 pm Sun Feb 27 2022
[error]: Access token has expired. Issue a new token, Or log in again --- 9:18:04 pm Sun Feb 27 2022
[error]: Refresh token not provided --- 9:18:05 pm Sun Feb 27 2022
[error]: Access token has expired. Issue a new token, Or log in again --- 9:18:05 pm Sun Feb 27 2022
[error]: Refresh token not provided --- 9:21:37 pm Sun Feb 27 2022
[error]: Refresh token not provided --- 9:21:37 pm Sun Feb 27 2022
[error]: Refresh token not provided --- 9:21:50 pm Sun Feb 27 2022
[error]: Refresh token not provided --- 9:21:51 pm Sun Feb 27 2022
[error]: Refresh token not provided --- 9:22:02 pm Sun Feb 27 2022
[error]: Refresh token not provided --- 9:22:12 pm Sun Feb 27 2022
[error]: Refresh token not provided --- 9:22:20 pm Sun Feb 27 2022
[error]: Refresh token not provided --- 11:41:21 pm Sun Feb 27 2022
[error]: Internal Server Error --- 12:11:21 am Mon Feb 28 2022
[error]: Internal Server Error --- 12:11:21 am Mon Feb 28 2022
[error]: Internal Server Error --- 12:12:19 am Mon Feb 28 2022
[error]: Internal Server Error --- 12:12:19 am Mon Feb 28 2022
[error]: Invalid sort value: { undefined: undefined } --- 1:02:16 am Mon Feb 28 2022
[error]: Invalid sort value: { undefined: undefined } --- 1:02:16 am Mon Feb 28 2022
[error]: Invalid sort value: { undefined: undefined } --- 1:03:03 am Mon Feb 28 2022
[error]: Invalid sort value: { undefined: undefined } --- 1:03:50 am Mon Feb 28 2022
[error]: Invalid sort value: { undefined: undefined } --- 1:06:44 am Mon Feb 28 2022
[error]: Invalid sort value: { undefined: undefined } --- 1:06:51 am Mon Feb 28 2022
[error]: Refresh token not provided --- 1:21:12 am Mon Feb 28 2022
[error]: Refresh token not provided --- 11:42:35 pm Mon Feb 28 2022
[error]: Requested route does not exit. --- 12:58:01 am Tue Mar 01 2022
[error]: Requested route does not exit. --- 12:58:16 am Tue Mar 01 2022
[error]: Requested route does not exit. --- 12:58:17 am Tue Mar 01 2022
[error]: Requested route does not exit. --- 12:58:47 am Tue Mar 01 2022
[error]: Requested route does not exit. --- 1:01:52 am Tue Mar 01 2022
[error]: Requested route does not exit. --- 1:01:55 am Tue Mar 01 2022
[error]: Requested route does not exit. --- 1:02:07 am Tue Mar 01 2022
[error]: Requested route does not exit. --- 1:03:07 am Tue Mar 01 2022
[error]: Refresh token not provided --- 12:22:35 am Wed Mar 02 2022
[error]: Email or Password is incorrect. --- 2:19:39 am Wed Mar 02 2022
[error]: Email or Password is incorrect. --- 2:19:46 am Wed Mar 02 2022
[error]: Email or Password is incorrect. --- 2:21:53 am Wed Mar 02 2022
[error]: Email or Password is incorrect. --- 2:22:53 am Wed Mar 02 2022
[error]: Email or Password is incorrect. --- 2:23:53 am Wed Mar 02 2022
[error]: Access token has expired. Issue a new token, Or log in again --- 2:26:00 am Wed Mar 02 2022
[error]: Refresh token not provided --- 11:23:52 pm Wed Mar 02 2022
[error]: Access token has expired. Issue a new token, Or log in again --- 12:17:41 am Thu Mar 03 2022
[error]: Refresh token not provided --- 12:17:51 am Thu Mar 03 2022
[error]: Refresh token not provided --- 12:21:33 am Thu Mar 03 2022
[error]: Unexpected token u in JSON at position 4 --- 1:14:42 am Thu Mar 03 2022
[error]: Email already exists. Please use with another one. --- 1:49:13 am Thu Mar 03 2022
[error]: Email already exists. Please use with another one. --- 1:49:31 am Thu Mar 03 2022
[error]: Email already exists. Please use with another one. --- 1:54:34 am Thu Mar 03 2022
[error]: Email already exists. Please use with another one. --- 2:00:02 am Thu Mar 03 2022
[error]: Email already exists. Please use with another one. --- 2:18:18 am Thu Mar 03 2022
[error]: Email already exists. Please use with another one. --- 2:18:22 am Thu Mar 03 2022
[error]: Email already exists. Please use with another one. --- 2:18:24 am Thu Mar 03 2022
[error]: Email already exists. Please use with another one. --- 2:18:25 am Thu Mar 03 2022
[error]: Email already exists. Please use with another one. --- 2:18:27 am Thu Mar 03 2022
[error]: Email already exists. Please use with another one. --- 2:18:30 am Thu Mar 03 2022
[error]: Email already exists. Please use with another one. --- 2:18:31 am Thu Mar 03 2022
[error]: Email already exists. Please use with another one. --- 2:18:31 am Thu Mar 03 2022
[error]: Email already exists. Please use with another one. --- 2:18:32 am Thu Mar 03 2022
[error]: Email already exists. Please use with another one. --- 2:18:32 am Thu Mar 03 2022
[error]: Email already exists. Please use with another one. --- 2:18:32 am Thu Mar 03 2022
[error]: Email already exists. Please use with another one. --- 2:18:32 am Thu Mar 03 2022
[error]: Email already exists. Please use with another one. --- 2:18:33 am Thu Mar 03 2022
[error]: Email already exists. Please use with another one. --- 2:18:33 am Thu Mar 03 2022
[error]: Email already exists. Please use with another one. --- 2:18:33 am Thu Mar 03 2022
[error]: Email already exists. Please use with another one. --- 2:18:33 am Thu Mar 03 2022
[error]: Email already exists. Please use with another one. --- 2:18:34 am Thu Mar 03 2022
[error]: Email already exists. Please use with another one. --- 2:18:34 am Thu Mar 03 2022
[error]: Email already exists. Please use with another one. --- 2:18:34 am Thu Mar 03 2022
[error]: Email already exists. Please use with another one. --- 2:18:34 am Thu Mar 03 2022
[error]: Email already exists. Please use with another one. --- 2:18:35 am Thu Mar 03 2022
[error]: Email already exists. Please use with another one. --- 2:18:35 am Thu Mar 03 2022
[error]: Email already exists. Please use with another one. --- 2:18:35 am Thu Mar 03 2022
[error]: Email already exists. Please use with another one. --- 2:18:35 am Thu Mar 03 2022
[error]: Email already exists. Please use with another one. --- 2:18:35 am Thu Mar 03 2022
[error]: Email already exists. Please use with another one. --- 2:18:36 am Thu Mar 03 2022
[error]: Email already exists. Please use with another one. --- 2:18:36 am Thu Mar 03 2022
[error]: Email already exists. Please use with another one. --- 2:18:36 am Thu Mar 03 2022
[error]: Email already exists. Please use with another one. --- 2:18:36 am Thu Mar 03 2022
[error]: Email already exists. Please use with another one. --- 2:18:37 am Thu Mar 03 2022
[error]: Email already exists. Please use with another one. --- 2:18:37 am Thu Mar 03 2022
[error]: Email already exists. Please use with another one. --- 2:18:37 am Thu Mar 03 2022
[error]: Email already exists. Please use with another one. --- 2:18:37 am Thu Mar 03 2022
[error]: Email already exists. Please use with another one. --- 2:18:38 am Thu Mar 03 2022
[error]: Email already exists. Please use with another one. --- 2:18:38 am Thu Mar 03 2022
[error]: Email already exists. Please use with another one. --- 2:18:38 am Thu Mar 03 2022
[error]: Email already exists. Please use with another one. --- 2:18:38 am Thu Mar 03 2022
[error]: Email already exists. Please use with another one. --- 2:18:39 am Thu Mar 03 2022
[error]: Email already exists. Please use with another one. --- 2:18:39 am Thu Mar 03 2022
[error]: Email already exists. Please use with another one. --- 2:18:39 am Thu Mar 03 2022
[error]: Email already exists. Please use with another one. --- 2:18:39 am Thu Mar 03 2022
[error]: Email or Password is incorrect. --- 11:43:33 pm Thu Mar 03 2022
[error]: Email or Password is incorrect. --- 11:43:36 pm Thu Mar 03 2022
[error]: Refresh token not provided --- 12:03:15 am Fri Mar 04 2022
[error]: Refresh token not provided --- 1:39:10 am Fri Mar 04 2022
[error]: Refresh token not provided --- 2:24:57 am Fri Mar 04 2022
[error]: Refresh token not provided --- 2:27:03 am Fri Mar 04 2022
[error]: Refresh token not provided --- 2:32:10 am Fri Mar 04 2022
[error]: Refresh token not provided --- 3:24:52 pm Fri Mar 04 2022
[error]: Internal Server Error --- 4:41:28 pm Fri Mar 04 2022
[error]: Refresh token not provided --- 1:16:59 am Sat Mar 05 2022
[error]: Access token has expired. Issue a new token, Or log in again --- 1:31:44 am Sat Mar 05 2022
[error]: "password" is not allowed to be empty --- 1:32:24 am Sat Mar 05 2022
[error]: Access token has expired. Issue a new token, Or log in again --- 1:34:25 am Sat Mar 05 2022
[error]: "password" is not allowed to be empty --- 1:34:59 am Sat Mar 05 2022
[error]: "password" is not allowed to be empty --- 1:35:46 am Sat Mar 05 2022
[error]: Access token has expired. Issue a new token, Or log in again --- 1:37:00 am Sat Mar 05 2022
[error]: "password" is not allowed to be empty --- 1:37:27 am Sat Mar 05 2022
[error]: updateUserSchema is not defined --- 1:38:03 am Sat Mar 05 2022
[error]: "password" is not allowed to be empty --- 1:38:15 am Sat Mar 05 2022
[error]: Access token has expired. Issue a new token, Or log in again --- 1:38:36 am Sat Mar 05 2022
[error]: "password" is not allowed --- 1:39:02 am Sat Mar 05 2022
[error]: "password" is not allowed to be empty --- 1:39:30 am Sat Mar 05 2022
[error]: Access token has expired. Issue a new token, Or log in again --- 1:39:59 am Sat Mar 05 2022
[error]: data and salt arguments required --- 1:40:22 am Sat Mar 05 2022
[error]: Refresh token not provided --- 1:44:36 am Sat Mar 05 2022
[error]: User validation failed: password: Path `password` is required. --- 1:54:44 am Sat Mar 05 2022
[error]: Access token has expired. Issue a new token, Or log in again --- 1:55:16 am Sat Mar 05 2022
[error]: Access token has expired. Issue a new token, Or log in again --- 1:58:37 am Sat Mar 05 2022
[error]: Access token has expired. Issue a new token, Or log in again --- 2:07:19 am Sat Mar 05 2022
[error]: Access token has expired. Issue a new token, Or log in again --- 2:07:46 am Sat Mar 05 2022
[error]: Access token has expired. Issue a new token, Or log in again --- 2:08:08 am Sat Mar 05 2022
[error]: Access token has expired. Issue a new token, Or log in again --- 2:08:38 am Sat Mar 05 2022
[error]: Access token has expired. Issue a new token, Or log in again --- 2:09:01 am Sat Mar 05 2022
[error]: Access token has expired. Issue a new token, Or log in again --- 2:09:31 am Sat Mar 05 2022
[error]: Access token has expired. Issue a new token, Or log in again --- 2:09:51 am Sat Mar 05 2022
[error]: data and salt arguments required --- 2:09:51 am Sat Mar 05 2022
[error]: Refresh token not provided --- 8:01:37 pm Sat Mar 05 2022
[error]: data and salt arguments required --- 8:01:55 pm Sat Mar 05 2022
[error]: data and salt arguments required --- 8:11:51 pm Sat Mar 05 2022
[error]: Access token has expired. Issue a new token, Or log in again --- 8:12:17 pm Sat Mar 05 2022
[error]: data and salt arguments required --- 8:12:18 pm Sat Mar 05 2022
[error]: data and salt arguments required --- 8:24:15 pm Sat Mar 05 2022
[error]: data and salt arguments required --- 8:24:38 pm Sat Mar 05 2022
[error]: Cannot access 'salt' before initialization --- 8:24:59 pm Sat Mar 05 2022
[error]: data and salt arguments required --- 8:25:07 pm Sat Mar 05 2022
[error]: Access token has expired. Issue a new token, Or log in again --- 8:25:34 pm Sat Mar 05 2022
[error]: E11000 duplicate key error collection: farmico.users index: username_1 dup key: { username: "mytest" } --- 8:26:06 pm Sat Mar 05 2022
[error]: User validation failed: password: Path `password` is required. --- 8:26:42 pm Sat Mar 05 2022
[error]: output is not defined --- 8:26:54 pm Sat Mar 05 2022
[error]: E11000 duplicate key error collection: farmico.users index: username_1 dup key: { username: "mytest1" } --- 8:27:32 pm Sat Mar 05 2022
[error]: Access token has expired. Issue a new token, Or log in again --- 8:28:32 pm Sat Mar 05 2022
[error]: output is not defined --- 8:35:09 pm Sat Mar 05 2022
[error]: Requested user doesn't exist --- 8:37:01 pm Sat Mar 05 2022
[error]: User validation failed: password: Path `password` is required. --- 8:37:58 pm Sat Mar 05 2022
[error]: Access token has expired. Issue a new token, Or log in again --- 8:38:25 pm Sat Mar 05 2022
[error]: User validation failed: password: Path `password` is required. --- 8:38:34 pm Sat Mar 05 2022
[error]: Access token has expired. Issue a new token, Or log in again --- 8:40:02 pm Sat Mar 05 2022
[error]: output is not defined --- 8:40:08 pm Sat Mar 05 2022
[error]: Refresh token not provided --- 8:42:59 pm Sat Mar 05 2022
[error]: E11000 duplicate key error collection: farmico.users index: username_1 dup key: { username: "mytest" } --- 8:44:44 pm Sat Mar 05 2022
[error]: Access token has expired. Issue a new token, Or log in again --- 8:46:03 pm Sat Mar 05 2022
[error]: E11000 duplicate key error collection: farmico.users index: username_1 dup key: { username: "mytest" } --- 8:46:13 pm Sat Mar 05 2022
[error]: "username" is required --- 8:49:21 pm Sat Mar 05 2022
[error]: Access token has expired. Issue a new token, Or log in again --- 9:24:24 pm Sat Mar 05 2022
[error]: Access token has expired. Issue a new token, Or log in again --- 9:28:36 pm Sat Mar 05 2022
[error]: E11000 duplicate key error collection: farmico.users index: username_1 dup key: { username: "saurabh" } --- 9:28:47 pm Sat Mar 05 2022
[error]: Access token has expired. Issue a new token, Or log in again --- 9:35:14 pm Sat Mar 05 2022
[error]: Access token has expired. Issue a new token, Or log in again --- 9:35:17 pm Sat Mar 05 2022
[error]: Access token has expired. Issue a new token, Or log in again --- 9:35:19 pm Sat Mar 05 2022
[error]: Email or Password is incorrect. --- 9:35:22 pm Sat Mar 05 2022
[error]: Email or Password is incorrect. --- 9:35:33 pm Sat Mar 05 2022
[error]: Email or Password is incorrect. --- 9:37:54 pm Sat Mar 05 2022
[error]: Email or Password is incorrect. --- 9:38:10 pm Sat Mar 05 2022
[error]: Email or Password is incorrect. --- 9:38:13 pm Sat Mar 05 2022
[error]: Access token has expired. Issue a new token, Or log in again --- 9:43:33 pm Sat Mar 05 2022
[error]: Refresh token not provided --- 9:43:33 pm Sat Mar 05 2022
[error]: Access token has expired. Issue a new token, Or log in again --- 9:43:33 pm Sat Mar 05 2022
[error]: Access token has expired. Issue a new token, Or log in again --- 9:44:11 pm Sat Mar 05 2022
[error]: Refresh token not provided --- 9:44:11 pm Sat Mar 05 2022
[error]: Access token has expired. Issue a new token, Or log in again --- 9:44:11 pm Sat Mar 05 2022
[error]: Access token has expired. Issue a new token, Or log in again --- 9:44:59 pm Sat Mar 05 2022
[error]: Refresh token not provided --- 9:44:59 pm Sat Mar 05 2022
[error]: Access token has expired. Issue a new token, Or log in again --- 9:44:59 pm Sat Mar 05 2022
[error]: Access token has expired. Issue a new token, Or log in again --- 9:46:50 pm Sat Mar 05 2022
[error]: Refresh token not provided --- 9:46:50 pm Sat Mar 05 2022
[error]: Access token has expired. Issue a new token, Or log in again --- 9:46:50 pm Sat Mar 05 2022
[error]: Access token has expired. Issue a new token, Or log in again --- 9:46:54 pm Sat Mar 05 2022
[error]: Refresh token not provided --- 9:46:54 pm Sat Mar 05 2022
[error]: Access token has expired. Issue a new token, Or log in again --- 9:46:54 pm Sat Mar 05 2022
[error]: Access token has expired. Issue a new token, Or log in again --- 9:49:03 pm Sat Mar 05 2022
[error]: Refresh token not provided --- 9:49:03 pm Sat Mar 05 2022
[error]: Access token has expired. Issue a new token, Or log in again --- 9:49:03 pm Sat Mar 05 2022
[error]: Access token has expired. Issue a new token, Or log in again --- 10:03:48 pm Sat Mar 05 2022
[error]: Refresh token not provided --- 10:03:48 pm Sat Mar 05 2022
[error]: Access token has expired. Issue a new token, Or log in again --- 10:03:48 pm Sat Mar 05 2022
[error]: Access token has expired. Issue a new token, Or log in again --- 10:06:08 pm Sat Mar 05 2022
[error]: Refresh token not provided --- 10:06:08 pm Sat Mar 05 2022
[error]: Access token has expired. Issue a new token, Or log in again --- 10:06:08 pm Sat Mar 05 2022
[error]: Access token has expired. Issue a new token, Or log in again --- 10:07:26 pm Sat Mar 05 2022
[error]: Refresh token not provided --- 10:07:26 pm Sat Mar 05 2022
[error]: Access token has expired. Issue a new token, Or log in again --- 10:07:26 pm Sat Mar 05 2022
[error]: Access token has expired. Issue a new token, Or log in again --- 10:08:12 pm Sat Mar 05 2022
[error]: Refresh token not provided --- 10:08:12 pm Sat Mar 05 2022
[error]: Access token has expired. Issue a new token, Or log in again --- 10:08:12 pm Sat Mar 05 2022
[error]: Access token has expired. Issue a new token, Or log in again --- 10:09:19 pm Sat Mar 05 2022
[error]: Refresh token not provided --- 10:09:19 pm Sat Mar 05 2022
[error]: Access token has expired. Issue a new token, Or log in again --- 10:09:19 pm Sat Mar 05 2022
[error]: Access token has expired. Issue a new token, Or log in again --- 10:09:28 pm Sat Mar 05 2022
[error]: Refresh token not provided --- 10:09:28 pm Sat Mar 05 2022
[error]: Access token has expired. Issue a new token, Or log in again --- 10:09:28 pm Sat Mar 05 2022
[error]: Access token has expired. Issue a new token, Or log in again --- 10:10:17 pm Sat Mar 05 2022
[error]: Refresh token not provided --- 10:10:17 pm Sat Mar 05 2022
[error]: Access token has expired. Issue a new token, Or log in again --- 10:10:17 pm Sat Mar 05 2022
[error]: Access token has expired. Issue a new token, Or log in again --- 10:13:11 pm Sat Mar 05 2022
[error]: Refresh token not provided --- 10:13:11 pm Sat Mar 05 2022
[error]: Access token has expired. Issue a new token, Or log in again --- 10:13:11 pm Sat Mar 05 2022
[error]: Access token has expired. Issue a new token, Or log in again --- 10:13:28 pm Sat Mar 05 2022
[error]: Refresh token not provided --- 10:13:28 pm Sat Mar 05 2022
[error]: Access token has expired. Issue a new token, Or log in again --- 10:13:28 pm Sat Mar 05 2022
[error]: Refresh token not provided --- 10:13:34 pm Sat Mar 05 2022
[error]: Email or Password is incorrect. --- 10:13:53 pm Sat Mar 05 2022
[error]: Requested user doesn't exist --- 10:13:56 pm Sat Mar 05 2022
[error]: Requested user doesn't exist --- 10:13:59 pm Sat Mar 05 2022
[error]: Email or Password is incorrect. --- 10:14:10 pm Sat Mar 05 2022
[error]: Email or Password is incorrect. --- 10:15:09 pm Sat Mar 05 2022
[error]: Access token has expired. Issue a new token, Or log in again --- 10:15:49 pm Sat Mar 05 2022
[error]: Refresh token not provided --- 10:15:49 pm Sat Mar 05 2022
[error]: Access token has expired. Issue a new token, Or log in again --- 10:15:49 pm Sat Mar 05 2022
[error]: Requested user doesn't exist --- 12:48:09 am Sun Mar 06 2022
[error]: Access token has expired. Issue a new token, Or log in again --- 12:50:28 am Sun Mar 06 2022
[error]: Refresh token not provided --- 1:00:37 am Sun Mar 06 2022
[error]: Email or Password is incorrect. --- 1:00:47 am Sun Mar 06 2022
[error]: Email or Password is incorrect. --- 1:00:50 am Sun Mar 06 2022
[error]: Requested route does not exit. --- 1:00:58 am Sun Mar 06 2022
[error]: Refresh token not provided --- 1:43:05 am Sun Mar 06 2022
[error]: Email or Password is incorrect. --- 1:43:19 am Sun Mar 06 2022
[error]: "profilePhoto" is not allowed --- 2:40:54 am Sun Mar 06 2022
[error]: Refresh token not provided --- 1:22:41 pm Sun Mar 06 2022
[error]: Access token has expired. Issue a new token, Or log in again --- 1:30:35 pm Sun Mar 06 2022
[error]: Access token has expired. Issue a new token, Or log in again --- 1:31:55 pm Sun Mar 06 2022
[error]: Access token has expired. Issue a new token, Or log in again --- 1:35:21 pm Sun Mar 06 2022
[error]: Refresh token not provided --- 1:50:44 pm Sun Mar 06 2022
[error]: Access token has expired. Issue a new token, Or log in again --- 2:05:08 pm Sun Mar 06 2022
[error]: Access token has expired. Issue a new token, Or log in again --- 2:40:30 pm Sun Mar 06 2022
[error]: Access token has expired. Issue a new token, Or log in again --- 3:05:38 pm Sun Mar 06 2022
[error]: Refresh token not provided --- 5:18:22 pm Sun Mar 06 2022
[error]: Refresh token not provided --- 5:31:52 pm Sun Mar 06 2022
[error]: Refresh token not provided --- 5:40:49 pm Sun Mar 06 2022
[error]: Refresh token not provided --- 11:14:21 pm Fri Mar 11 2022
[error]: Refresh token not provided --- 12:23:47 am Sat Mar 12 2022
[error]: Refresh token not provided --- 4:35:19 pm Sat Mar 12 2022
[error]: Blog couldn't found. --- 4:41:45 pm Sat Mar 12 2022
[error]: Access token has expired. Issue a new token, Or log in again --- 4:43:40 pm Sat Mar 12 2022
[error]: Access token has expired. Issue a new token, Or log in again --- 4:45:09 pm Sat Mar 12 2022
[error]: Email or Password is incorrect. --- 4:45:28 pm Sat Mar 12 2022
[error]: Requested route does not exit. --- 5:11:56 pm Sat Mar 12 2022
[error]: Requested route does not exit. --- 5:11:57 pm Sat Mar 12 2022
[error]: Requested route does not exit. --- 5:19:59 pm Sat Mar 12 2022
[error]: Requested route does not exit. --- 5:20:00 pm Sat Mar 12 2022
[error]: Requested route does not exit. --- 5:20:17 pm Sat Mar 12 2022
[error]: Requested route does not exit. --- 5:20:17 pm Sat Mar 12 2022
[error]: Requested route does not exit. --- 5:21:16 pm Sat Mar 12 2022
[error]: Requested route does not exit. --- 5:21:16 pm Sat Mar 12 2022
[error]: Requested route does not exit. --- 5:21:27 pm Sat Mar 12 2022
[error]: Requested route does not exit. --- 5:21:27 pm Sat Mar 12 2022
[error]: Requested route does not exit. --- 5:21:39 pm Sat Mar 12 2022
[error]: Blog couldn't found. --- 11:56:39 am Sun Mar 13 2022
[error]: Refresh token not provided --- 12:02:17 pm Sun Mar 13 2022
[error]: Refresh token not provided --- 11:03:58 pm Sun Mar 13 2022
